TN:
SF:src\utils\helper.js
FN:1,(anonymous_0)
FN:13,(anonymous_1)
FN:25,(anonymous_2)
FN:47,(anonymous_3)
FNF:4
FNH:4
FNDA:3,(anonymous_0)
FNDA:4,(anonymous_1)
FNDA:6,(anonymous_2)
FNDA:3,(anonymous_3)
DA:1,1
DA:2,3
DA:3,1
DA:5,2
DA:6,2
DA:7,1
DA:10,1
DA:13,1
DA:14,4
DA:15,1
DA:17,3
DA:18,3
DA:19,1
DA:22,2
DA:25,1
DA:26,6
DA:27,1
DA:29,5
DA:30,1
DA:32,4
DA:33,1
DA:35,3
DA:36,1
DA:38,2
DA:39,1
DA:42,1
DA:47,1
DA:48,3
DA:50,2
DA:51,2
DA:53,2
DA:54,2
DA:57,2
DA:58,1
DA:61,2
LF:35
LH:35
BRDA:2,0,0,1
BRDA:2,0,1,2
BRDA:2,1,0,3
BRDA:2,1,1,2
BRDA:6,2,0,1
BRDA:6,2,1,1
BRDA:14,3,0,1
BRDA:14,3,1,3
BRDA:14,4,0,4
BRDA:14,4,1,3
BRDA:18,5,0,1
BRDA:18,5,1,2
BRDA:26,6,0,1
BRDA:26,6,1,5
BRDA:26,7,0,6
BRDA:26,7,1,5
BRDA:29,8,0,1
BRDA:29,8,1,4
BRDA:32,9,0,1
BRDA:32,9,1,3
BRDA:35,10,0,1
BRDA:35,10,1,2
BRDA:38,11,0,1
BRDA:38,11,1,1
BRDA:48,12,0,1
BRDA:48,12,1,2
BRDA:53,13,0,2
BRDA:53,13,1,0
BRDA:57,14,0,1
BRDA:57,14,1,1
BRF:30
BRH:29
end_of_record
