{"C:\\Users\\ptsko\\OneDrive\\Počítač\\ing-inf\\5.roc\\ESS\\notes-app\\backend\\index.js": {"path":"C:\\Users\\ptsko\\OneDrive\\Počítač\\ing-inf\\5.roc\\ESS\\notes-app\\backend\\index.js","statementMap":{"0":{"start":{"line":1,"column":15},"end":{"line":1,"column":32}},"1":{"start":{"line":2,"column":13},"end":{"line":2,"column":28}},"2":{"start":{"line":3,"column":17},"end":{"line":3,"column":36}},"3":{"start":{"line":4,"column":16},"end":{"line":4,"column":34}},"4":{"start":{"line":5,"column":13},"end":{"line":5,"column":28}},"5":{"start":{"line":6,"column":12},"end":{"line":6,"column":35}},"6":{"start":{"line":7,"column":12},"end":{"line":7,"column":21}},"7":{"start":{"line":8,"column":11},"end":{"line":8,"column":24}},"8":{"start":{"line":9,"column":32},"end":{"line":9,"column":54}},"9":{"start":{"line":10,"column":13},"end":{"line":10,"column":42}},"10":{"start":{"line":11,"column":13},"end":{"line":11,"column":42}},"11":{"start":{"line":12,"column":17},"end":{"line":12,"column":50}},"12":{"start":{"line":13,"column":25},"end":{"line":13,"column":55}},"13":{"start":{"line":14,"column":15},"end":{"line":14,"column":32}},"14":{"start":{"line":15,"column":50},"end":{"line":15,"column":74}},"15":{"start":{"line":18,"column":2},"end":{"line":20,"column":24}},"16":{"start":{"line":21,"column":0},"end":{"line":21,"column":58}},"17":{"start":{"line":23,"column":61},"end":{"line":23,"column":72}},"18":{"start":{"line":24,"column":15},"end":{"line":24,"column":49}},"19":{"start":{"line":28,"column":2},"end":{"line":30,"column":31}},"20":{"start":{"line":32,"column":0},"end":{"line":39,"column":2}},"21":{"start":{"line":41,"column":0},"end":{"line":41,"column":24}},"22":{"start":{"line":43,"column":0},"end":{"line":46,"column":36}},"23":{"start":{"line":45,"column":14},"end":{"line":45,"column":46}},"24":{"start":{"line":46,"column":18},"end":{"line":46,"column":34}},"25":{"start":{"line":49,"column":0},"end":{"line":51,"column":3}},"26":{"start":{"line":50,"column":2},"end":{"line":50,"column":30}},"27":{"start":{"line":54,"column":0},"end":{"line":111,"column":3}},"28":{"start":{"line":55,"column":40},"end":{"line":55,"column":48}},"29":{"start":{"line":58,"column":2},"end":{"line":60,"column":3}},"30":{"start":{"line":59,"column":4},"end":{"line":59,"column":108}},"31":{"start":{"line":61,"column":20},"end":{"line":61,"column":48}},"32":{"start":{"line":62,"column":2},"end":{"line":64,"column":3}},"33":{"start":{"line":63,"column":6},"end":{"line":63,"column":116}},"34":{"start":{"line":67,"column":2},"end":{"line":69,"column":3}},"35":{"start":{"line":68,"column":4},"end":{"line":68,"column":109}},"36":{"start":{"line":70,"column":21},"end":{"line":70,"column":49}},"37":{"start":{"line":71,"column":2},"end":{"line":73,"column":3}},"38":{"start":{"line":72,"column":6},"end":{"line":72,"column":117}},"39":{"start":{"line":76,"column":2},"end":{"line":78,"column":3}},"40":{"start":{"line":77,"column":4},"end":{"line":77,"column":112}},"41":{"start":{"line":79,"column":2},"end":{"line":81,"column":3}},"42":{"start":{"line":80,"column":6},"end":{"line":80,"column":124}},"43":{"start":{"line":82,"column":2},"end":{"line":84,"column":3}},"44":{"start":{"line":83,"column":6},"end":{"line":83,"column":124}},"45":{"start":{"line":85,"column":2},"end":{"line":87,"column":3}},"46":{"start":{"line":86,"column":6},"end":{"line":86,"column":127}},"47":{"start":{"line":88,"column":2},"end":{"line":90,"column":3}},"48":{"start":{"line":89,"column":6},"end":{"line":89,"column":116}},"49":{"start":{"line":92,"column":17},"end":{"line":92,"column":46}},"50":{"start":{"line":94,"column":2},"end":{"line":96,"column":3}},"51":{"start":{"line":95,"column":4},"end":{"line":95,"column":82}},"52":{"start":{"line":98,"column":15},"end":{"line":98,"column":54}},"53":{"start":{"line":99,"column":2},"end":{"line":99,"column":20}},"54":{"start":{"line":101,"column":22},"end":{"line":103,"column":4}},"55":{"start":{"line":105,"column":2},"end":{"line":110,"column":5}},"56":{"start":{"line":114,"column":0},"end":{"line":138,"column":3}},"57":{"start":{"line":115,"column":30},"end":{"line":115,"column":38}},"58":{"start":{"line":117,"column":2},"end":{"line":119,"column":3}},"59":{"start":{"line":118,"column":4},"end":{"line":118,"column":105}},"60":{"start":{"line":121,"column":19},"end":{"line":121,"column":48}},"61":{"start":{"line":123,"column":2},"end":{"line":125,"column":3}},"62":{"start":{"line":124,"column":4},"end":{"line":124,"column":101}},"63":{"start":{"line":127,"column":15},"end":{"line":127,"column":33}},"64":{"start":{"line":128,"column":22},"end":{"line":130,"column":4}},"65":{"start":{"line":132,"column":2},"end":{"line":137,"column":5}},"66":{"start":{"line":141,"column":0},"end":{"line":162,"column":3}},"67":{"start":{"line":142,"column":2},"end":{"line":161,"column":3}},"68":{"start":{"line":143,"column":21},"end":{"line":143,"column":29}},"69":{"start":{"line":144,"column":4},"end":{"line":144,"column":63}},"70":{"start":{"line":144,"column":15},"end":{"line":144,"column":63}},"71":{"start":{"line":146,"column":19},"end":{"line":146,"column":56}},"72":{"start":{"line":147,"column":4},"end":{"line":155,"column":7}},"73":{"start":{"line":157,"column":4},"end":{"line":157,"column":50}},"74":{"start":{"line":158,"column":4},"end":{"line":160,"column":76}},"75":{"start":{"line":165,"column":0},"end":{"line":191,"column":3}},"76":{"start":{"line":166,"column":35},"end":{"line":166,"column":43}},"77":{"start":{"line":167,"column":19},"end":{"line":167,"column":27}},"78":{"start":{"line":169,"column":2},"end":{"line":173,"column":3}},"79":{"start":{"line":170,"column":4},"end":{"line":172,"column":77}},"80":{"start":{"line":175,"column":2},"end":{"line":190,"column":3}},"81":{"start":{"line":176,"column":17},"end":{"line":181,"column":6}},"82":{"start":{"line":182,"column":4},"end":{"line":182,"column":22}},"83":{"start":{"line":184,"column":4},"end":{"line":184,"column":87}},"84":{"start":{"line":186,"column":4},"end":{"line":186,"column":48}},"85":{"start":{"line":187,"column":4},"end":{"line":189,"column":76}},"86":{"start":{"line":194,"column":0},"end":{"line":231,"column":3}},"87":{"start":{"line":195,"column":21},"end":{"line":195,"column":31}},"88":{"start":{"line":196,"column":45},"end":{"line":196,"column":53}},"89":{"start":{"line":197,"column":19},"end":{"line":197,"column":27}},"90":{"start":{"line":199,"column":2},"end":{"line":204,"column":3}},"91":{"start":{"line":200,"column":4},"end":{"line":203,"column":7}},"92":{"start":{"line":206,"column":2},"end":{"line":230,"column":3}},"93":{"start":{"line":207,"column":17},"end":{"line":207,"column":70}},"94":{"start":{"line":209,"column":4},"end":{"line":211,"column":5}},"95":{"start":{"line":210,"column":6},"end":{"line":210,"column":109}},"96":{"start":{"line":213,"column":4},"end":{"line":213,"column":34}},"97":{"start":{"line":213,"column":15},"end":{"line":213,"column":34}},"98":{"start":{"line":214,"column":4},"end":{"line":214,"column":40}},"99":{"start":{"line":214,"column":17},"end":{"line":214,"column":40}},"100":{"start":{"line":215,"column":4},"end":{"line":215,"column":31}},"101":{"start":{"line":215,"column":14},"end":{"line":215,"column":31}},"102":{"start":{"line":216,"column":4},"end":{"line":216,"column":57}},"103":{"start":{"line":216,"column":32},"end":{"line":216,"column":57}},"104":{"start":{"line":218,"column":4},"end":{"line":218,"column":22}},"105":{"start":{"line":220,"column":4},"end":{"line":224,"column":7}},"106":{"start":{"line":226,"column":4},"end":{"line":226,"column":49}},"107":{"start":{"line":227,"column":4},"end":{"line":229,"column":76}},"108":{"start":{"line":234,"column":0},"end":{"line":250,"column":3}},"109":{"start":{"line":235,"column":19},"end":{"line":235,"column":27}},"110":{"start":{"line":237,"column":2},"end":{"line":249,"column":3}},"111":{"start":{"line":238,"column":18},"end":{"line":238,"column":78}},"112":{"start":{"line":239,"column":4},"end":{"line":243,"column":7}},"113":{"start":{"line":245,"column":4},"end":{"line":245,"column":51}},"114":{"start":{"line":246,"column":4},"end":{"line":248,"column":76}},"115":{"start":{"line":253,"column":0},"end":{"line":272,"column":3}},"116":{"start":{"line":254,"column":21},"end":{"line":254,"column":31}},"117":{"start":{"line":255,"column":19},"end":{"line":255,"column":27}},"118":{"start":{"line":257,"column":2},"end":{"line":271,"column":3}},"119":{"start":{"line":258,"column":17},"end":{"line":258,"column":70}},"120":{"start":{"line":260,"column":4},"end":{"line":262,"column":5}},"121":{"start":{"line":261,"column":6},"end":{"line":261,"column":109}},"122":{"start":{"line":264,"column":4},"end":{"line":264,"column":60}},"123":{"start":{"line":265,"column":4},"end":{"line":265,"column":83}},"124":{"start":{"line":267,"column":4},"end":{"line":267,"column":50}},"125":{"start":{"line":268,"column":4},"end":{"line":270,"column":76}},"126":{"start":{"line":275,"column":0},"end":{"line":300,"column":2}},"127":{"start":{"line":276,"column":2},"end":{"line":299,"column":3}},"128":{"start":{"line":278,"column":32},"end":{"line":278,"column":40}},"129":{"start":{"line":279,"column":4},"end":{"line":281,"column":5}},"130":{"start":{"line":280,"column":6},"end":{"line":280,"column":74}},"131":{"start":{"line":284,"column":30},"end":{"line":284,"column":63}},"132":{"start":{"line":287,"column":29},"end":{"line":287,"column":65}},"133":{"start":{"line":290,"column":4},"end":{"line":292,"column":5}},"134":{"start":{"line":291,"column":6},"end":{"line":291,"column":79}},"135":{"start":{"line":293,"column":4},"end":{"line":293,"column":76}},"136":{"start":{"line":295,"column":4},"end":{"line":295,"column":52}},"137":{"start":{"line":296,"column":4},"end":{"line":298,"column":62}},"138":{"start":{"line":303,"column":0},"end":{"line":339,"column":2}},"139":{"start":{"line":307,"column":23},"end":{"line":307,"column":33}},"140":{"start":{"line":308,"column":25},"end":{"line":308,"column":33}},"141":{"start":{"line":309,"column":21},"end":{"line":309,"column":29}},"142":{"start":{"line":311,"column":4},"end":{"line":315,"column":5}},"143":{"start":{"line":312,"column":6},"end":{"line":314,"column":80}},"144":{"start":{"line":317,"column":4},"end":{"line":337,"column":5}},"145":{"start":{"line":318,"column":19},"end":{"line":318,"column":72}},"146":{"start":{"line":320,"column":6},"end":{"line":322,"column":7}},"147":{"start":{"line":321,"column":8},"end":{"line":321,"column":111}},"148":{"start":{"line":324,"column":6},"end":{"line":324,"column":31}},"149":{"start":{"line":325,"column":6},"end":{"line":325,"column":24}},"150":{"start":{"line":327,"column":6},"end":{"line":331,"column":9}},"151":{"start":{"line":333,"column":6},"end":{"line":333,"column":59}},"152":{"start":{"line":334,"column":6},"end":{"line":336,"column":78}},"153":{"start":{"line":342,"column":0},"end":{"line":373,"column":3}},"154":{"start":{"line":343,"column":19},"end":{"line":343,"column":27}},"155":{"start":{"line":344,"column":20},"end":{"line":344,"column":29}},"156":{"start":{"line":346,"column":2},"end":{"line":351,"column":3}},"157":{"start":{"line":347,"column":4},"end":{"line":350,"column":7}},"158":{"start":{"line":353,"column":2},"end":{"line":372,"column":3}},"159":{"start":{"line":354,"column":26},"end":{"line":360,"column":6}},"160":{"start":{"line":362,"column":4},"end":{"line":366,"column":7}},"161":{"start":{"line":368,"column":4},"end":{"line":368,"column":52}},"162":{"start":{"line":369,"column":4},"end":{"line":371,"column":76}},"163":{"start":{"line":376,"column":0},"end":{"line":408,"column":3}},"164":{"start":{"line":377,"column":19},"end":{"line":377,"column":27}},"165":{"start":{"line":378,"column":23},"end":{"line":378,"column":31}},"166":{"start":{"line":380,"column":2},"end":{"line":383,"column":3}},"167":{"start":{"line":381,"column":4},"end":{"line":381,"column":44}},"168":{"start":{"line":382,"column":4},"end":{"line":382,"column":103}},"169":{"start":{"line":385,"column":2},"end":{"line":385,"column":36}},"170":{"start":{"line":386,"column":2},"end":{"line":386,"column":38}},"171":{"start":{"line":388,"column":2},"end":{"line":407,"column":3}},"172":{"start":{"line":389,"column":24},"end":{"line":393,"column":5}},"173":{"start":{"line":395,"column":4},"end":{"line":398,"column":5}},"174":{"start":{"line":396,"column":6},"end":{"line":396,"column":38}},"175":{"start":{"line":397,"column":6},"end":{"line":397,"column":94}},"176":{"start":{"line":400,"column":4},"end":{"line":400,"column":59}},"177":{"start":{"line":401,"column":4},"end":{"line":403,"column":81}},"178":{"start":{"line":405,"column":4},"end":{"line":405,"column":51}},"179":{"start":{"line":406,"column":4},"end":{"line":406,"column":111}},"180":{"start":{"line":411,"column":0},"end":{"line":427,"column":3}},"181":{"start":{"line":412,"column":23},"end":{"line":412,"column":31}},"182":{"start":{"line":413,"column":17},"end":{"line":413,"column":32}},"183":{"start":{"line":415,"column":2},"end":{"line":426,"column":3}},"184":{"start":{"line":416,"column":17},"end":{"line":416,"column":44}},"185":{"start":{"line":417,"column":4},"end":{"line":423,"column":5}},"186":{"start":{"line":418,"column":6},"end":{"line":418,"column":28}},"187":{"start":{"line":419,"column":6},"end":{"line":419,"column":24}},"188":{"start":{"line":420,"column":6},"end":{"line":420,"column":88}},"189":{"start":{"line":422,"column":6},"end":{"line":422,"column":89}},"190":{"start":{"line":425,"column":4},"end":{"line":425,"column":113}},"191":{"start":{"line":430,"column":16},"end":{"line":445,"column":2}},"192":{"start":{"line":432,"column":23},"end":{"line":432,"column":54}},"193":{"start":{"line":433,"column":4},"end":{"line":435,"column":5}},"194":{"start":{"line":434,"column":6},"end":{"line":434,"column":31}},"195":{"start":{"line":436,"column":4},"end":{"line":436,"column":25}},"196":{"start":{"line":439,"column":25},"end":{"line":439,"column":75}},"197":{"start":{"line":440,"column":4},"end":{"line":443,"column":6}},"198":{"start":{"line":447,"column":15},"end":{"line":447,"column":43}},"199":{"start":{"line":450,"column":0},"end":{"line":450,"column":69}},"200":{"start":{"line":453,"column":0},"end":{"line":473,"column":2}},"201":{"start":{"line":457,"column":4},"end":{"line":471,"column":5}},"202":{"start":{"line":458,"column":21},"end":{"line":458,"column":36}},"203":{"start":{"line":459,"column":31},"end":{"line":459,"column":62}},"204":{"start":{"line":462,"column":6},"end":{"line":462,"column":79}},"205":{"start":{"line":464,"column":6},"end":{"line":467,"column":9}},"206":{"start":{"line":469,"column":6},"end":{"line":469,"column":60}},"207":{"start":{"line":470,"column":6},"end":{"line":470,"column":108}},"208":{"start":{"line":476,"column":0},"end":{"line":514,"column":3}},"209":{"start":{"line":477,"column":20},"end":{"line":477,"column":28}},"210":{"start":{"line":479,"column":2},"end":{"line":513,"column":3}},"211":{"start":{"line":480,"column":19},"end":{"line":483,"column":6}},"212":{"start":{"line":485,"column":20},"end":{"line":485,"column":39}},"213":{"start":{"line":486,"column":19},"end":{"line":486,"column":33}},"214":{"start":{"line":487,"column":18},"end":{"line":487,"column":34}},"215":{"start":{"line":489,"column":15},"end":{"line":489,"column":44}},"216":{"start":{"line":491,"column":4},"end":{"line":498,"column":5}},"217":{"start":{"line":492,"column":6},"end":{"line":496,"column":9}},"218":{"start":{"line":497,"column":6},"end":{"line":497,"column":24}},"219":{"start":{"line":500,"column":24},"end":{"line":502,"column":6}},"220":{"start":{"line":504,"column":4},"end":{"line":509,"column":7}},"221":{"start":{"line":511,"column":4},"end":{"line":511,"column":25}},"222":{"start":{"line":512,"column":4},"end":{"line":512,"column":108}},"223":{"start":{"line":517,"column":0},"end":{"line":532,"column":3}},"224":{"start":{"line":518,"column":36},"end":{"line":518,"column":44}},"225":{"start":{"line":520,"column":2},"end":{"line":531,"column":3}},"226":{"start":{"line":521,"column":24},"end":{"line":525,"column":6}},"227":{"start":{"line":527,"column":4},"end":{"line":527,"column":29}},"228":{"start":{"line":528,"column":4},"end":{"line":528,"column":96}},"229":{"start":{"line":530,"column":4},"end":{"line":530,"column":117}},"230":{"start":{"line":534,"column":0},"end":{"line":536,"column":3}},"231":{"start":{"line":535,"column":2},"end":{"line":535,"column":48}},"232":{"start":{"line":538,"column":0},"end":{"line":538,"column":21}}},"fnMap":{"0":{"name":"(anonymous_0)","decl":{"start":{"line":45,"column":8},"end":{"line":45,"column":9}},"loc":{"start":{"line":45,"column":14},"end":{"line":45,"column":46}},"line":45},"1":{"name":"(anonymous_1)","decl":{"start":{"line":46,"column":9},"end":{"line":46,"column":10}},"loc":{"start":{"line":46,"column":18},"end":{"line":46,"column":34}},"line":46},"2":{"name":"(anonymous_2)","decl":{"start":{"line":49,"column":13},"end":{"line":49,"column":14}},"loc":{"start":{"line":49,"column":27},"end":{"line":51,"column":1}},"line":49},"3":{"name":"(anonymous_3)","decl":{"start":{"line":54,"column":28},"end":{"line":54,"column":29}},"loc":{"start":{"line":54,"column":48},"end":{"line":111,"column":1}},"line":54},"4":{"name":"(anonymous_4)","decl":{"start":{"line":114,"column":19},"end":{"line":114,"column":20}},"loc":{"start":{"line":114,"column":39},"end":{"line":138,"column":1}},"line":114},"5":{"name":"(anonymous_5)","decl":{"start":{"line":141,"column":42},"end":{"line":141,"column":43}},"loc":{"start":{"line":141,"column":62},"end":{"line":162,"column":1}},"line":141},"6":{"name":"(anonymous_6)","decl":{"start":{"line":165,"column":43},"end":{"line":165,"column":44}},"loc":{"start":{"line":165,"column":63},"end":{"line":191,"column":1}},"line":165},"7":{"name":"(anonymous_7)","decl":{"start":{"line":194,"column":51},"end":{"line":194,"column":52}},"loc":{"start":{"line":194,"column":71},"end":{"line":231,"column":1}},"line":194},"8":{"name":"(anonymous_8)","decl":{"start":{"line":234,"column":47},"end":{"line":234,"column":48}},"loc":{"start":{"line":234,"column":67},"end":{"line":250,"column":1}},"line":234},"9":{"name":"(anonymous_9)","decl":{"start":{"line":253,"column":56},"end":{"line":253,"column":57}},"loc":{"start":{"line":253,"column":76},"end":{"line":272,"column":1}},"line":253},"10":{"name":"(anonymous_10)","decl":{"start":{"line":275,"column":46},"end":{"line":275,"column":47}},"loc":{"start":{"line":275,"column":62},"end":{"line":300,"column":1}},"line":275},"11":{"name":"(anonymous_11)","decl":{"start":{"line":306,"column":2},"end":{"line":306,"column":3}},"loc":{"start":{"line":306,"column":22},"end":{"line":338,"column":3}},"line":306},"12":{"name":"(anonymous_12)","decl":{"start":{"line":342,"column":47},"end":{"line":342,"column":48}},"loc":{"start":{"line":342,"column":67},"end":{"line":373,"column":1}},"line":342},"13":{"name":"(anonymous_13)","decl":{"start":{"line":376,"column":46},"end":{"line":376,"column":47}},"loc":{"start":{"line":376,"column":66},"end":{"line":408,"column":1}},"line":376},"14":{"name":"(anonymous_14)","decl":{"start":{"line":411,"column":25},"end":{"line":411,"column":26}},"loc":{"start":{"line":411,"column":45},"end":{"line":427,"column":1}},"line":411},"15":{"name":"(anonymous_15)","decl":{"start":{"line":431,"column":15},"end":{"line":431,"column":16}},"loc":{"start":{"line":431,"column":34},"end":{"line":437,"column":3}},"line":431},"16":{"name":"(anonymous_16)","decl":{"start":{"line":438,"column":12},"end":{"line":438,"column":13}},"loc":{"start":{"line":438,"column":31},"end":{"line":444,"column":3}},"line":438},"17":{"name":"(anonymous_17)","decl":{"start":{"line":456,"column":2},"end":{"line":456,"column":3}},"loc":{"start":{"line":456,"column":22},"end":{"line":472,"column":3}},"line":456},"18":{"name":"(anonymous_18)","decl":{"start":{"line":476,"column":25},"end":{"line":476,"column":26}},"loc":{"start":{"line":476,"column":45},"end":{"line":514,"column":1}},"line":476},"19":{"name":"(anonymous_19)","decl":{"start":{"line":517,"column":20},"end":{"line":517,"column":21}},"loc":{"start":{"line":517,"column":40},"end":{"line":532,"column":1}},"line":517},"20":{"name":"(anonymous_20)","decl":{"start":{"line":534,"column":17},"end":{"line":534,"column":18}},"loc":{"start":{"line":534,"column":23},"end":{"line":536,"column":1}},"line":534}},"branchMap":{"0":{"loc":{"start":{"line":18,"column":2},"end":{"line":20,"column":24}},"type":"cond-expr","locations":[{"start":{"line":19,"column":6},"end":{"line":19,"column":23}},{"start":{"line":20,"column":6},"end":{"line":20,"column":24}}],"line":18},"1":{"loc":{"start":{"line":28,"column":2},"end":{"line":30,"column":31}},"type":"cond-expr","locations":[{"start":{"line":29,"column":6},"end":{"line":29,"column":43}},{"start":{"line":30,"column":6},"end":{"line":30,"column":31}}],"line":28},"2":{"loc":{"start":{"line":58,"column":2},"end":{"line":60,"column":3}},"type":"if","locations":[{"start":{"line":58,"column":2},"end":{"line":60,"column":3}},{"start":{},"end":{}}],"line":58},"3":{"loc":{"start":{"line":58,"column":5},"end":{"line":58,"column":38}},"type":"binary-expr","locations":[{"start":{"line":58,"column":5},"end":{"line":58,"column":14}},{"start":{"line":58,"column":18},"end":{"line":58,"column":38}}],"line":58},"4":{"loc":{"start":{"line":62,"column":2},"end":{"line":64,"column":3}},"type":"if","locations":[{"start":{"line":62,"column":2},"end":{"line":64,"column":3}},{"start":{},"end":{}}],"line":62},"5":{"loc":{"start":{"line":67,"column":2},"end":{"line":69,"column":3}},"type":"if","locations":[{"start":{"line":67,"column":2},"end":{"line":69,"column":3}},{"start":{},"end":{}}],"line":67},"6":{"loc":{"start":{"line":67,"column":5},"end":{"line":67,"column":32}},"type":"binary-expr","locations":[{"start":{"line":67,"column":5},"end":{"line":67,"column":11}},{"start":{"line":67,"column":15},"end":{"line":67,"column":32}}],"line":67},"7":{"loc":{"start":{"line":71,"column":2},"end":{"line":73,"column":3}},"type":"if","locations":[{"start":{"line":71,"column":2},"end":{"line":73,"column":3}},{"start":{},"end":{}}],"line":71},"8":{"loc":{"start":{"line":76,"column":2},"end":{"line":78,"column":3}},"type":"if","locations":[{"start":{"line":76,"column":2},"end":{"line":78,"column":3}},{"start":{},"end":{}}],"line":76},"9":{"loc":{"start":{"line":76,"column":5},"end":{"line":76,"column":38}},"type":"binary-expr","locations":[{"start":{"line":76,"column":5},"end":{"line":76,"column":14}},{"start":{"line":76,"column":18},"end":{"line":76,"column":38}}],"line":76},"10":{"loc":{"start":{"line":79,"column":2},"end":{"line":81,"column":3}},"type":"if","locations":[{"start":{"line":79,"column":2},"end":{"line":81,"column":3}},{"start":{},"end":{}}],"line":79},"11":{"loc":{"start":{"line":82,"column":2},"end":{"line":84,"column":3}},"type":"if","locations":[{"start":{"line":82,"column":2},"end":{"line":84,"column":3}},{"start":{},"end":{}}],"line":82},"12":{"loc":{"start":{"line":85,"column":2},"end":{"line":87,"column":3}},"type":"if","locations":[{"start":{"line":85,"column":2},"end":{"line":87,"column":3}},{"start":{},"end":{}}],"line":85},"13":{"loc":{"start":{"line":88,"column":2},"end":{"line":90,"column":3}},"type":"if","locations":[{"start":{"line":88,"column":2},"end":{"line":90,"column":3}},{"start":{},"end":{}}],"line":88},"14":{"loc":{"start":{"line":94,"column":2},"end":{"line":96,"column":3}},"type":"if","locations":[{"start":{"line":94,"column":2},"end":{"line":96,"column":3}},{"start":{},"end":{}}],"line":94},"15":{"loc":{"start":{"line":117,"column":2},"end":{"line":119,"column":3}},"type":"if","locations":[{"start":{"line":117,"column":2},"end":{"line":119,"column":3}},{"start":{},"end":{}}],"line":117},"16":{"loc":{"start":{"line":117,"column":6},"end":{"line":117,"column":25}},"type":"binary-expr","locations":[{"start":{"line":117,"column":6},"end":{"line":117,"column":12}},{"start":{"line":117,"column":16},"end":{"line":117,"column":25}}],"line":117},"17":{"loc":{"start":{"line":123,"column":2},"end":{"line":125,"column":3}},"type":"if","locations":[{"start":{"line":123,"column":2},"end":{"line":125,"column":3}},{"start":{},"end":{}}],"line":123},"18":{"loc":{"start":{"line":123,"column":6},"end":{"line":123,"column":49}},"type":"binary-expr","locations":[{"start":{"line":123,"column":6},"end":{"line":123,"column":15}},{"start":{"line":123,"column":19},"end":{"line":123,"column":49}}],"line":123},"19":{"loc":{"start":{"line":144,"column":4},"end":{"line":144,"column":63}},"type":"if","locations":[{"start":{"line":144,"column":4},"end":{"line":144,"column":63}},{"start":{},"end":{}}],"line":144},"20":{"loc":{"start":{"line":169,"column":2},"end":{"line":173,"column":3}},"type":"if","locations":[{"start":{"line":169,"column":2},"end":{"line":173,"column":3}},{"start":{},"end":{}}],"line":169},"21":{"loc":{"start":{"line":169,"column":6},"end":{"line":169,"column":24}},"type":"binary-expr","locations":[{"start":{"line":169,"column":6},"end":{"line":169,"column":12}},{"start":{"line":169,"column":16},"end":{"line":169,"column":24}}],"line":169},"22":{"loc":{"start":{"line":179,"column":12},"end":{"line":179,"column":22}},"type":"binary-expr","locations":[{"start":{"line":179,"column":12},"end":{"line":179,"column":16}},{"start":{"line":179,"column":20},"end":{"line":179,"column":22}}],"line":179},"23":{"loc":{"start":{"line":199,"column":2},"end":{"line":204,"column":3}},"type":"if","locations":[{"start":{"line":199,"column":2},"end":{"line":204,"column":3}},{"start":{},"end":{}}],"line":199},"24":{"loc":{"start":{"line":199,"column":6},"end":{"line":199,"column":33}},"type":"binary-expr","locations":[{"start":{"line":199,"column":6},"end":{"line":199,"column":12}},{"start":{"line":199,"column":16},"end":{"line":199,"column":24}},{"start":{"line":199,"column":28},"end":{"line":199,"column":33}}],"line":199},"25":{"loc":{"start":{"line":209,"column":4},"end":{"line":211,"column":5}},"type":"if","locations":[{"start":{"line":209,"column":4},"end":{"line":211,"column":5}},{"start":{},"end":{}}],"line":209},"26":{"loc":{"start":{"line":213,"column":4},"end":{"line":213,"column":34}},"type":"if","locations":[{"start":{"line":213,"column":4},"end":{"line":213,"column":34}},{"start":{},"end":{}}],"line":213},"27":{"loc":{"start":{"line":214,"column":4},"end":{"line":214,"column":40}},"type":"if","locations":[{"start":{"line":214,"column":4},"end":{"line":214,"column":40}},{"start":{},"end":{}}],"line":214},"28":{"loc":{"start":{"line":215,"column":4},"end":{"line":215,"column":31}},"type":"if","locations":[{"start":{"line":215,"column":4},"end":{"line":215,"column":31}},{"start":{},"end":{}}],"line":215},"29":{"loc":{"start":{"line":216,"column":4},"end":{"line":216,"column":57}},"type":"if","locations":[{"start":{"line":216,"column":4},"end":{"line":216,"column":57}},{"start":{},"end":{}}],"line":216},"30":{"loc":{"start":{"line":260,"column":4},"end":{"line":262,"column":5}},"type":"if","locations":[{"start":{"line":260,"column":4},"end":{"line":262,"column":5}},{"start":{},"end":{}}],"line":260},"31":{"loc":{"start":{"line":279,"column":4},"end":{"line":281,"column":5}},"type":"if","locations":[{"start":{"line":279,"column":4},"end":{"line":281,"column":5}},{"start":{},"end":{}}],"line":279},"32":{"loc":{"start":{"line":290,"column":4},"end":{"line":292,"column":5}},"type":"if","locations":[{"start":{"line":290,"column":4},"end":{"line":292,"column":5}},{"start":{},"end":{}}],"line":290},"33":{"loc":{"start":{"line":311,"column":4},"end":{"line":315,"column":5}},"type":"if","locations":[{"start":{"line":311,"column":4},"end":{"line":315,"column":5}},{"start":{},"end":{}}],"line":311},"34":{"loc":{"start":{"line":320,"column":6},"end":{"line":322,"column":7}},"type":"if","locations":[{"start":{"line":320,"column":6},"end":{"line":322,"column":7}},{"start":{},"end":{}}],"line":320},"35":{"loc":{"start":{"line":346,"column":2},"end":{"line":351,"column":3}},"type":"if","locations":[{"start":{"line":346,"column":2},"end":{"line":351,"column":3}},{"start":{},"end":{}}],"line":346},"36":{"loc":{"start":{"line":380,"column":2},"end":{"line":383,"column":3}},"type":"if","locations":[{"start":{"line":380,"column":2},"end":{"line":383,"column":3}},{"start":{},"end":{}}],"line":380},"37":{"loc":{"start":{"line":395,"column":4},"end":{"line":398,"column":5}},"type":"if","locations":[{"start":{"line":395,"column":4},"end":{"line":398,"column":5}},{"start":{},"end":{}}],"line":395},"38":{"loc":{"start":{"line":417,"column":4},"end":{"line":423,"column":5}},"type":"if","locations":[{"start":{"line":417,"column":4},"end":{"line":423,"column":5}},{"start":{"line":421,"column":11},"end":{"line":423,"column":5}}],"line":417},"39":{"loc":{"start":{"line":433,"column":4},"end":{"line":435,"column":5}},"type":"if","locations":[{"start":{"line":433,"column":4},"end":{"line":435,"column":5}},{"start":{},"end":{}}],"line":433},"40":{"loc":{"start":{"line":491,"column":4},"end":{"line":498,"column":5}},"type":"if","locations":[{"start":{"line":491,"column":4},"end":{"line":498,"column":5}},{"start":{},"end":{}}],"line":491}},"s":{"0":1,"1":1,"2":1,"3":1,"4":1,"5":1,"6":1,"7":1,"8":1,"9":1,"10":1,"11":1,"12":1,"13":1,"14":1,"15":1,"16":1,"17":1,"18":1,"19":1,"20":1,"21":1,"22":1,"23":1,"24":0,"25":1,"26":0,"27":1,"28":1,"29":1,"30":0,"31":1,"32":1,"33":0,"34":1,"35":0,"36":1,"37":1,"38":0,"39":1,"40":0,"41":1,"42":0,"43":1,"44":0,"45":1,"46":0,"47":1,"48":0,"49":1,"50":1,"51":1,"52":0,"53":0,"54":0,"55":0,"56":1,"57":2,"58":2,"59":0,"60":2,"61":2,"62":1,"63":1,"64":1,"65":1,"66":1,"67":0,"68":0,"69":0,"70":0,"71":0,"72":0,"73":0,"74":0,"75":1,"76":0,"77":0,"78":0,"79":0,"80":0,"81":0,"82":0,"83":0,"84":0,"85":0,"86":1,"87":0,"88":0,"89":0,"90":0,"91":0,"92":0,"93":0,"94":0,"95":0,"96":0,"97":0,"98":0,"99":0,"100":0,"101":0,"102":0,"103":0,"104":0,"105":0,"106":0,"107":0,"108":1,"109":0,"110":0,"111":0,"112":0,"113":0,"114":0,"115":1,"116":0,"117":0,"118":0,"119":0,"120":0,"121":0,"122":0,"123":0,"124":0,"125":0,"126":1,"127":0,"128":0,"129":0,"130":0,"131":0,"132":0,"133":0,"134":0,"135":0,"136":0,"137":0,"138":1,"139":0,"140":0,"141":0,"142":0,"143":0,"144":0,"145":0,"146":0,"147":0,"148":0,"149":0,"150":0,"151":0,"152":0,"153":1,"154":0,"155":0,"156":0,"157":0,"158":0,"159":0,"160":0,"161":0,"162":0,"163":1,"164":0,"165":0,"166":0,"167":0,"168":0,"169":0,"170":0,"171":0,"172":0,"173":0,"174":0,"175":0,"176":0,"177":0,"178":0,"179":0,"180":1,"181":0,"182":0,"183":0,"184":0,"185":0,"186":0,"187":0,"188":0,"189":0,"190":0,"191":1,"192":0,"193":0,"194":0,"195":0,"196":0,"197":0,"198":1,"199":1,"200":1,"201":0,"202":0,"203":0,"204":0,"205":0,"206":0,"207":0,"208":1,"209":0,"210":0,"211":0,"212":0,"213":0,"214":0,"215":0,"216":0,"217":0,"218":0,"219":0,"220":0,"221":0,"222":0,"223":1,"224":0,"225":0,"226":0,"227":0,"228":0,"229":0,"230":1,"231":1,"232":1},"f":{"0":1,"1":0,"2":0,"3":1,"4":2,"5":0,"6":0,"7":0,"8":0,"9":0,"10":0,"11":0,"12":0,"13":0,"14":0,"15":0,"16":0,"17":0,"18":0,"19":0,"20":1},"b":{"0":[0,1],"1":[0,1],"2":[0,1],"3":[1,1],"4":[0,1],"5":[0,1],"6":[1,1],"7":[0,1],"8":[0,1],"9":[1,1],"10":[0,1],"11":[0,1],"12":[0,1],"13":[0,1],"14":[1,0],"15":[0,2],"16":[2,2],"17":[1,1],"18":[2,2],"19":[0,0],"20":[0,0],"21":[0,0],"22":[0,0],"23":[0,0],"24":[0,0,0],"25":[0,0],"26":[0,0],"27":[0,0],"28":[0,0],"29":[0,0],"30":[0,0],"31":[0,0],"32":[0,0],"33":[0,0],"34":[0,0],"35":[0,0],"36":[0,0],"37":[0,0],"38":[0,0],"39":[0,0],"40":[0,0]},"_coverageSchema":"1a1c01bbd47fc00a2c39e90264f33305004495a9","hash":"ebad0bc7e5d1718363ae8f3b3f8d526f2e7a9778"}
,"C:\\Users\\ptsko\\OneDrive\\Počítač\\ing-inf\\5.roc\\ESS\\notes-app\\backend\\utilities.js": {"path":"C:\\Users\\ptsko\\OneDrive\\Počítač\\ing-inf\\5.roc\\ESS\\notes-app\\backend\\utilities.js","statementMap":{"0":{"start":{"line":1,"column":12},"end":{"line":1,"column":35}},"1":{"start":{"line":3,"column":28},"end":{"line":14,"column":1}},"2":{"start":{"line":4,"column":23},"end":{"line":4,"column":51}},"3":{"start":{"line":5,"column":18},"end":{"line":5,"column":56}},"4":{"start":{"line":7,"column":4},"end":{"line":7,"column":43}},"5":{"start":{"line":7,"column":16},"end":{"line":7,"column":43}},"6":{"start":{"line":9,"column":4},"end":{"line":13,"column":7}},"7":{"start":{"line":10,"column":8},"end":{"line":10,"column":44}},"8":{"start":{"line":10,"column":17},"end":{"line":10,"column":44}},"9":{"start":{"line":11,"column":8},"end":{"line":11,"column":24}},"10":{"start":{"line":12,"column":8},"end":{"line":12,"column":15}},"11":{"start":{"line":16,"column":0},"end":{"line":16,"column":41}}},"fnMap":{"0":{"name":"(anonymous_0)","decl":{"start":{"line":3,"column":28},"end":{"line":3,"column":29}},"loc":{"start":{"line":3,"column":48},"end":{"line":14,"column":1}},"line":3},"1":{"name":"(anonymous_1)","decl":{"start":{"line":9,"column":55},"end":{"line":9,"column":56}},"loc":{"start":{"line":9,"column":70},"end":{"line":13,"column":5}},"line":9}},"branchMap":{"0":{"loc":{"start":{"line":5,"column":18},"end":{"line":5,"column":56}},"type":"binary-expr","locations":[{"start":{"line":5,"column":18},"end":{"line":5,"column":28}},{"start":{"line":5,"column":32},"end":{"line":5,"column":56}}],"line":5},"1":{"loc":{"start":{"line":7,"column":4},"end":{"line":7,"column":43}},"type":"if","locations":[{"start":{"line":7,"column":4},"end":{"line":7,"column":43}},{"start":{},"end":{}}],"line":7},"2":{"loc":{"start":{"line":10,"column":8},"end":{"line":10,"column":44}},"type":"if","locations":[{"start":{"line":10,"column":8},"end":{"line":10,"column":44}},{"start":{},"end":{}}],"line":10}},"s":{"0":1,"1":1,"2":0,"3":0,"4":0,"5":0,"6":0,"7":0,"8":0,"9":0,"10":0,"11":1},"f":{"0":0,"1":0},"b":{"0":[0,0],"1":[0,0],"2":[0,0]},"_coverageSchema":"1a1c01bbd47fc00a2c39e90264f33305004495a9","hash":"4b9efacfe1889e8d27d08fc74a0c927f7d6a9264"}
,"C:\\Users\\ptsko\\OneDrive\\Počítač\\ing-inf\\5.roc\\ESS\\notes-app\\backend\\models\\feedbackModel.js": {"path":"C:\\Users\\ptsko\\OneDrive\\Počítač\\ing-inf\\5.roc\\ESS\\notes-app\\backend\\models\\feedbackModel.js","statementMap":{"0":{"start":{"line":1,"column":17},"end":{"line":1,"column":36}},"1":{"start":{"line":3,"column":15},"end":{"line":3,"column":30}},"2":{"start":{"line":5,"column":23},"end":{"line":10,"column":2}},"3":{"start":{"line":12,"column":0},"end":{"line":12,"column":60}}},"fnMap":{},"branchMap":{},"s":{"0":1,"1":1,"2":1,"3":1},"f":{},"b":{},"_coverageSchema":"1a1c01bbd47fc00a2c39e90264f33305004495a9","hash":"a64e0f75fe41d277edc670c8667b3f19fac73c60"}
,"C:\\Users\\ptsko\\OneDrive\\Počítač\\ing-inf\\5.roc\\ESS\\notes-app\\backend\\models\\noteModel.js": {"path":"C:\\Users\\ptsko\\OneDrive\\Počítač\\ing-inf\\5.roc\\ESS\\notes-app\\backend\\models\\noteModel.js","statementMap":{"0":{"start":{"line":1,"column":17},"end":{"line":1,"column":36}},"1":{"start":{"line":3,"column":15},"end":{"line":3,"column":30}},"2":{"start":{"line":5,"column":19},"end":{"line":12,"column":2}},"3":{"start":{"line":16,"column":0},"end":{"line":16,"column":52}}},"fnMap":{},"branchMap":{},"s":{"0":1,"1":1,"2":1,"3":1},"f":{},"b":{},"_coverageSchema":"1a1c01bbd47fc00a2c39e90264f33305004495a9","hash":"01cb87d44bacd72d47e041a4ce00eb57d6dd3d5e"}
,"C:\\Users\\ptsko\\OneDrive\\Počítač\\ing-inf\\5.roc\\ESS\\notes-app\\backend\\models\\userModel.js": {"path":"C:\\Users\\ptsko\\OneDrive\\Počítač\\ing-inf\\5.roc\\ESS\\notes-app\\backend\\models\\userModel.js","statementMap":{"0":{"start":{"line":1,"column":17},"end":{"line":1,"column":36}},"1":{"start":{"line":2,"column":15},"end":{"line":2,"column":30}},"2":{"start":{"line":4,"column":19},"end":{"line":11,"column":2}},"3":{"start":{"line":13,"column":0},"end":{"line":13,"column":52}}},"fnMap":{},"branchMap":{},"s":{"0":1,"1":1,"2":1,"3":1},"f":{},"b":{},"_coverageSchema":"1a1c01bbd47fc00a2c39e90264f33305004495a9","hash":"4a53065cb4e96981831dc2c1fe8eaa928c35f25b"}
,"C:\\Users\\ptsko\\OneDrive\\Počítač\\ing-inf\\5.roc\\ESS\\notes-app\\backend\\utils\\const.js": {"path":"C:\\Users\\ptsko\\OneDrive\\Počítač\\ing-inf\\5.roc\\ESS\\notes-app\\backend\\utils\\const.js","statementMap":{"0":{"start":{"line":2,"column":20},"end":{"line":9,"column":1}},"1":{"start":{"line":12,"column":17},"end":{"line":24,"column":1}},"2":{"start":{"line":27,"column":23},"end":{"line":63,"column":1}},"3":{"start":{"line":65,"column":0},"end":{"line":69,"column":2}}},"fnMap":{},"branchMap":{},"s":{"0":1,"1":1,"2":1,"3":1},"f":{},"b":{},"_coverageSchema":"1a1c01bbd47fc00a2c39e90264f33305004495a9","hash":"1b572b469e6024d9636db062aa3c2c76cefec245"}
}
