TN:
SF:index.js
FN:45,(anonymous_0)
FN:46,(anonymous_1)
FN:49,(anonymous_2)
FN:54,(anonymous_3)
FN:114,(anonymous_4)
FN:141,(anonymous_5)
FN:165,(anonymous_6)
FN:194,(anonymous_7)
FN:234,(anonymous_8)
FN:253,(anonymous_9)
FN:275,(anonymous_10)
FN:306,(anonymous_11)
FN:342,(anonymous_12)
FN:376,(anonymous_13)
FN:411,(anonymous_14)
FN:431,(anonymous_15)
FN:438,(anonymous_16)
FN:456,(anonymous_17)
FN:476,(anonymous_18)
FN:517,(anonymous_19)
FN:534,(anonymous_20)
FNF:21
FNH:4
FNDA:1,(anonymous_0)
FNDA:0,(anonymous_1)
FNDA:0,(anonymous_2)
FNDA:1,(anonymous_3)
FNDA:2,(anonymous_4)
FNDA:0,(anonymous_5)
FNDA:0,(anonymous_6)
FNDA:0,(anonymous_7)
FNDA:0,(anonymous_8)
FNDA:0,(anonymous_9)
FNDA:0,(anonymous_10)
FNDA:0,(anonymous_11)
FNDA:0,(anonymous_12)
FNDA:0,(anonymous_13)
FNDA:0,(anonymous_14)
FNDA:0,(anonymous_15)
FNDA:0,(anonymous_16)
FNDA:0,(anonymous_17)
FNDA:0,(anonymous_18)
FNDA:0,(anonymous_19)
FNDA:1,(anonymous_20)
DA:1,1
DA:2,1
DA:3,1
DA:4,1
DA:5,1
DA:6,1
DA:7,1
DA:8,1
DA:9,1
DA:10,1
DA:11,1
DA:12,1
DA:13,1
DA:14,1
DA:15,1
DA:18,1
DA:21,1
DA:23,1
DA:24,1
DA:28,1
DA:32,1
DA:41,1
DA:43,1
DA:45,1
DA:46,0
DA:49,1
DA:50,0
DA:54,1
DA:55,1
DA:58,1
DA:59,0
DA:61,1
DA:62,1
DA:63,0
DA:67,1
DA:68,0
DA:70,1
DA:71,1
DA:72,0
DA:76,1
DA:77,0
DA:79,1
DA:80,0
DA:82,1
DA:83,0
DA:85,1
DA:86,0
DA:88,1
DA:89,0
DA:92,1
DA:94,1
DA:95,1
DA:98,0
DA:99,0
DA:101,0
DA:105,0
DA:114,1
DA:115,2
DA:117,2
DA:118,0
DA:121,2
DA:123,2
DA:124,1
DA:127,1
DA:128,1
DA:132,1
DA:141,1
DA:142,0
DA:143,0
DA:144,0
DA:146,0
DA:147,0
DA:157,0
DA:158,0
DA:165,1
DA:166,0
DA:167,0
DA:169,0
DA:170,0
DA:175,0
DA:176,0
DA:182,0
DA:184,0
DA:186,0
DA:187,0
DA:194,1
DA:195,0
DA:196,0
DA:197,0
DA:199,0
DA:200,0
DA:206,0
DA:207,0
DA:209,0
DA:210,0
DA:213,0
DA:214,0
DA:215,0
DA:216,0
DA:218,0
DA:220,0
DA:226,0
DA:227,0
DA:234,1
DA:235,0
DA:237,0
DA:238,0
DA:239,0
DA:245,0
DA:246,0
DA:253,1
DA:254,0
DA:255,0
DA:257,0
DA:258,0
DA:260,0
DA:261,0
DA:264,0
DA:265,0
DA:267,0
DA:268,0
DA:275,1
DA:276,0
DA:278,0
DA:279,0
DA:280,0
DA:284,0
DA:287,0
DA:290,0
DA:291,0
DA:293,0
DA:295,0
DA:296,0
DA:303,1
DA:307,0
DA:308,0
DA:309,0
DA:311,0
DA:312,0
DA:317,0
DA:318,0
DA:320,0
DA:321,0
DA:324,0
DA:325,0
DA:327,0
DA:333,0
DA:334,0
DA:342,1
DA:343,0
DA:344,0
DA:346,0
DA:347,0
DA:353,0
DA:354,0
DA:362,0
DA:368,0
DA:369,0
DA:376,1
DA:377,0
DA:378,0
DA:380,0
DA:381,0
DA:382,0
DA:385,0
DA:386,0
DA:388,0
DA:389,0
DA:395,0
DA:396,0
DA:397,0
DA:400,0
DA:401,0
DA:405,0
DA:406,0
DA:411,1
DA:412,0
DA:413,0
DA:415,0
DA:416,0
DA:417,0
DA:418,0
DA:419,0
DA:420,0
DA:422,0
DA:425,0
DA:430,1
DA:432,0
DA:433,0
DA:434,0
DA:436,0
DA:439,0
DA:440,0
DA:447,1
DA:450,1
DA:453,1
DA:457,0
DA:458,0
DA:459,0
DA:462,0
DA:464,0
DA:469,0
DA:470,0
DA:476,1
DA:477,0
DA:479,0
DA:480,0
DA:485,0
DA:486,0
DA:487,0
DA:489,0
DA:491,0
DA:492,0
DA:497,0
DA:500,0
DA:504,0
DA:511,0
DA:512,0
DA:517,1
DA:518,0
DA:520,0
DA:521,0
DA:527,0
DA:528,0
DA:530,0
DA:534,1
DA:535,1
DA:538,1
LF:228
LH:69
BRDA:18,0,0,0
BRDA:18,0,1,1
BRDA:28,1,0,0
BRDA:28,1,1,1
BRDA:58,2,0,0
BRDA:58,2,1,1
BRDA:58,3,0,1
BRDA:58,3,1,1
BRDA:62,4,0,0
BRDA:62,4,1,1
BRDA:67,5,0,0
BRDA:67,5,1,1
BRDA:67,6,0,1
BRDA:67,6,1,1
BRDA:71,7,0,0
BRDA:71,7,1,1
BRDA:76,8,0,0
BRDA:76,8,1,1
BRDA:76,9,0,1
BRDA:76,9,1,1
BRDA:79,10,0,0
BRDA:79,10,1,1
BRDA:82,11,0,0
BRDA:82,11,1,1
BRDA:85,12,0,0
BRDA:85,12,1,1
BRDA:88,13,0,0
BRDA:88,13,1,1
BRDA:94,14,0,1
BRDA:94,14,1,0
BRDA:117,15,0,0
BRDA:117,15,1,2
BRDA:117,16,0,2
BRDA:117,16,1,2
BRDA:123,17,0,1
BRDA:123,17,1,1
BRDA:123,18,0,2
BRDA:123,18,1,2
BRDA:144,19,0,0
BRDA:144,19,1,0
BRDA:169,20,0,0
BRDA:169,20,1,0
BRDA:169,21,0,0
BRDA:169,21,1,0
BRDA:179,22,0,0
BRDA:179,22,1,0
BRDA:199,23,0,0
BRDA:199,23,1,0
BRDA:199,24,0,0
BRDA:199,24,1,0
BRDA:199,24,2,0
BRDA:209,25,0,0
BRDA:209,25,1,0
BRDA:213,26,0,0
BRDA:213,26,1,0
BRDA:214,27,0,0
BRDA:214,27,1,0
BRDA:215,28,0,0
BRDA:215,28,1,0
BRDA:216,29,0,0
BRDA:216,29,1,0
BRDA:260,30,0,0
BRDA:260,30,1,0
BRDA:279,31,0,0
BRDA:279,31,1,0
BRDA:290,32,0,0
BRDA:290,32,1,0
BRDA:311,33,0,0
BRDA:311,33,1,0
BRDA:320,34,0,0
BRDA:320,34,1,0
BRDA:346,35,0,0
BRDA:346,35,1,0
BRDA:380,36,0,0
BRDA:380,36,1,0
BRDA:395,37,0,0
BRDA:395,37,1,0
BRDA:417,38,0,0
BRDA:417,38,1,0
BRDA:433,39,0,0
BRDA:433,39,1,0
BRDA:491,40,0,0
BRDA:491,40,1,0
BRF:83
BRH:25
end_of_record
TN:
SF:utilities.js
FN:3,(anonymous_0)
FN:9,(anonymous_1)
FNF:2
FNH:0
FNDA:0,(anonymous_0)
FNDA:0,(anonymous_1)
DA:1,1
DA:3,1
DA:4,0
DA:5,0
DA:7,0
DA:9,0
DA:10,0
DA:11,0
DA:12,0
DA:16,1
LF:10
LH:3
BRDA:5,0,0,0
BRDA:5,0,1,0
BRDA:7,1,0,0
BRDA:7,1,1,0
BRDA:10,2,0,0
BRDA:10,2,1,0
BRF:6
BRH:0
end_of_record
TN:
SF:models\feedbackModel.js
FNF:0
FNH:0
DA:1,1
DA:3,1
DA:5,1
DA:12,1
LF:4
LH:4
BRF:0
BRH:0
end_of_record
TN:
SF:models\noteModel.js
FNF:0
FNH:0
DA:1,1
DA:3,1
DA:5,1
DA:16,1
LF:4
LH:4
BRF:0
BRH:0
end_of_record
TN:
SF:models\userModel.js
FNF:0
FNH:0
DA:1,1
DA:2,1
DA:4,1
DA:13,1
LF:4
LH:4
BRF:0
BRH:0
end_of_record
TN:
SF:utils\const.js
FNF:0
FNH:0
DA:2,1
DA:12,1
DA:27,1
DA:65,1
LF:4
LH:4
BRF:0
BRH:0
end_of_record
